2020-10-07 9:55:14 - MOD: Modification Default

FILE: system/engine/action.php
REGEX: ~(require|include)(_once)?\(([^)]+)~
LINE: 69

FILE: system/engine/loader.php
REGEX: ~(require|include)(_once)?\(([^)]+)~
LINE: 77
LINE: 151
LINE: 168

FILE: system/library/config.php
REGEX: ~(require|include)(_once)?\(([^)]+)~
LINE: 59

FILE: system/library/language.php
REGEX: ~(require|include)(_once)?\(([^)]+)~
LINE: 67
LINE: 73

FILE: system/library/template/template.php
REGEX: ~(require|include)(_once)?\(([^)]+)~
LINE: 18

FILE: system/library/template/twig.php
CODE: $loader = new \Twig_Loader_Filesystem(DIR_TEMPLATE);
LINE: 19
----------------------------------------------------------------
MOD: OC Customize Template

FILE: admin/controller/design/layout.php
CODE: $this->load->language('design/layout');
LINE: 8
LINE: 21
LINE: 56
LINE: 91
CODE: protected function getForm() {
LINE: 261

FILE: admin/model/localisation/language.php
CODE: return $language_id;
LINE: 220
CODE: $this->db->query("DELETE FROM " . DB_PREFIX . "option_description WHERE language_id = '" . (int)$language_id . "'");
NOT FOUND - OPERATIONS ABORTED!

FILE: catalog/controller/account/address.php
CODE: $this->document->setTitle($this->language->get('heading_title'));
LINE: 16
LINE: 35
LINE: 67
LINE: 115

FILE: catalog/controller/account/download.php
CODE: $this->document->setTitle($this->language->get('heading_title'));
LINE: 14

FILE: catalog/controller/account/order.php
CODE: $this->document->setTitle($this->language->get('heading_title'));
LINE: 14

FILE: catalog/controller/account/recurring.php
CODE: $this->document->setTitle($this->language->get('heading_title'));
LINE: 14

FILE: catalog/controller/account/return.php
CODE: $this->document->setTitle($this->language->get('heading_title'));
LINE: 16
LINE: 234
LINE: 516

FILE: catalog/controller/account/reward.php
CODE: $this->document->setTitle($this->language->get('heading_title'));
LINE: 14

FILE: catalog/controller/account/transaction.php
CODE: $this->document->setTitle($this->language->get('heading_title'));
LINE: 14

FILE: catalog/controller/account/wishlist.php
CODE: $this->document->setTitle($this->language->get('heading_title'));
LINE: 29

FILE: catalog/controller/checkout/cart.php
CODE: $this->document->setTitle($this->language->get('heading_title'));
LINE: 8

FILE: catalog/controller/common/cart.php
CODE: $this->document->setTitle($this->language->get('heading_title'));
NOT FOUND - OPERATIONS ABORTED!

FILE: catalog/controller/extension/credit_card/sagepay_direct.php
CODE: $this->document->setTitle($this->language->get('heading_title'));
LINE: 16
LINE: 99

FILE: catalog/controller/extension/credit_card/sagepay_server.php
CODE: $this->document->setTitle($this->language->get('heading_title'));
LINE: 16

FILE: catalog/controller/product/search.php
CODE: $data['breadcrumbs'] = array();
LINE: 78

FILE: catalog/controller/product/category.php
CODE: $this->document->setTitle($this->language->get('heading_title'));
NOT FOUND - OPERATIONS ABORTED!

FILE: catalog/controller/product/compare.php
CODE: $this->document->setTitle($this->language->get('heading_title'));
LINE: 28

FILE: catalog/controller/product/manufacturer.php
CODE: $this->document->setTitle($this->language->get('heading_title'));
LINE: 12

FILE: catalog/controller/product/special.php
CODE: $this->document->setTitle($this->language->get('heading_title'));
LINE: 36
CODE: $this->load->language('product/category');
LINE: 6

FILE: catalog/controller/affiliate/login.php
CODE: $this->document->setTitle($this->language->get('heading_title'));
LINE: 14

FILE: catalog/controller/affiliate/register.php
CODE: $this->document->setTitle($this->language->get('heading_title'));
LINE: 14

FILE: catalog/controller/affiliate/success.php
CODE: $this->document->setTitle($this->language->get('heading_title'));
LINE: 8
CODE: $this->document->setTitle($this->language->get('heading_title'));
LINE: 14
CODE: $this->document->setTitle($this->language->get('heading_title'));
LINE: 14
CODE: $this->document->setTitle($this->language->get('heading_title'));
LINE: 8
CODE: $this->document->setTitle($this->language->get('heading_title'));
LINE: 8

FILE: catalog/controller/checkout/checkout.php
CODE: $this->document->setTitle($this->language->get('heading_title'));
LINE: 30

FILE: catalog/controller/checkout/failure.php
CODE: $this->document->setTitle($this->language->get('heading_title'));
LINE: 8

FILE: catalog/controller/checkout/success.php
CODE: $this->document->setTitle($this->language->get('heading_title'));
LINE: 25
CODE: $this->document->setTitle($this->language->get('heading_title'));
LINE: 28
CODE: $this->document->setTitle($this->language->get('heading_title'));
LINE: 12
CODE: $this->document->setTitle($this->language->get('heading_title'));
LINE: 75
CODE: $this->document->setTitle($this->language->get('heading_title'));
LINE: 36

FILE: catalog/controller/common/maintenance.php
CODE: $this->document->setTitle($this->language->get('heading_title'));
LINE: 8

FILE: catalog/controller/error/not_found.php
CODE: $this->document->setTitle($this->language->get('heading_title'));
LINE: 8

FILE: catalog/controller/information/sitemap.php
CODE: $this->document->setTitle($this->language->get('heading_title'));
LINE: 8

FILE: catalog/controller/information/contact.php
CODE: $this->document->setTitle($this->language->get('heading_title'));
LINE: 10
LINE: 177
CODE: $this->document->setTitle($this->language->get('heading_title'));
LINE: 16
LINE: 102
CODE: $this->document->setTitle($this->language->get('heading_title'));
LINE: 16

FILE: catalog/controller/extension/credit_card/squareup.php
CODE: $this->document->setTitle($this->language->get('heading_title'));
LINE: 17

FILE: catalog/controller/extension/payment/sagepay_direct.php
CODE: $this->document->setTitle($this->language->get('heading_title'));
NOT FOUND - OPERATIONS ABORTED!

FILE: catalog/controller/extension/payment/sagepay_server.php
CODE: $this->document->setTitle($this->language->get('heading_title'));
NOT FOUND - OPERATIONS ABORTED!

FILE: catalog/controller/extension/payment/squareup.php
CODE: $this->document->setTitle($this->language->get('heading_title'));
NOT FOUND - OPERATIONS ABORTED!

FILE: catalog/controller/extension/payment/amazon_login_pay.php
CODE: $this->document->setTitle($this->language->get('heading_title'));
NOT FOUND - OPERATIONS ABORTED!

FILE: catalog/controller/extension/payment/klarna_checkout.php
CODE: $this->document->setTitle($this->language->get('heading_title'));
LINE: 11

FILE: catalog/controller/extension/payment/wechat_pay.php
CODE: $this->document->setTitle($this->language->get('heading_title'));
LINE: 24

FILE: catalog/controller/extension/module/carousel.php
CODE: $data['banners'] = array();
LINE: 12

FILE: catalog/controller/extension/module/category.php
CODE: if ($category['category_id'] == $data['category_id']) {
LINE: 34

FILE: catalog/controller/common/header.php
CODE: return $this->load->view('common/header', $data);
LINE: 108
CODE: $data['telephone'] = $this->config->get('config_telephone');
LINE: 77

FILE: catalog/controller/common/footer.php
CODE: $data['newsletter'] = $this->url->link('account/newsletter', '', true);
LINE: 56
CODE: 'title' => $result['title'],
LINE: 15
CODE: foreach ($results as $result) {
LINE: 156
LINE: 199
CODE: $data['products'][] = array(
LINE: 281
CODE: 'product_id'  => $result['product_id'],
LINE: 290

FILE: catalog/controller/product/product.php
CODE: $results = $this->model_catalog_product->getProductRelated($this->request->get['product_id']);
LINE: 393
CODE: $data['products'][] = array(
LINE: 483
CODE: 'rating'      => $rating,
LINE: 501
CODE: $data['description'] = html_entity_decode($product_info['description'], ENT_QUOTES, 'UTF-8');
LINE: 245
CODE: $results = $this->model_catalog_product->getProductSpecials($filter_data);
LINE: 102
CODE: $data['products'][] = array(
LINE: 185
CODE: 'rating'      => $result['rating'],
LINE: 203
CODE: $results = $this->model_catalog_product->getProducts($filter_data);
LINE: 212
CODE: $data['products'][] = array(
LINE: 294
CODE: 'rating'      => $result['rating'],
LINE: 312
CODE: $results = $this->model_catalog_product->getProducts($filter_data);
LINE: 175
CODE: $data['products'][] = array(
LINE: 257
CODE: 'rating'      => $result['rating'],
LINE: 275
----------------------------------------------------------------
MOD: OC Search Category by Plaza Themes
CODE: $data['search'] = $this->load->controller('common/search');
LINE: 81
----------------------------------------------------------------
MOD: OC Theme Option

FILE: admin/controller/common/column_left.php
CODE: $sale = array();
LINE: 334

FILE: admin/controller/catalog/product.php
CODE: public function index() {
LINE: 11
CODE: $this->load->language('catalog/product');
LINE: 16
LINE: 30
LINE: 86
LINE: 142
LINE: 200
CODE: 'sort_order' => $product_image['sort_order']
LINE: 1112

FILE: admin/model/catalog/product.php
CODE: $this->db->query("INSERT INTO " . DB_PREFIX . "product_image SET product_id = '" . (int)$product_id . "', image = '" . $this->db->escape($product_image['image']) . "', sort_order = '" . (int)$product_image['sort_order'] . "'");
LINE: 74
LINE: 221

FILE: admin/view/template/catalog/product_form.twig
CODE: <td class="text-right">{{ entry_sort_order }}</td>
LINE: 998
CODE: <td class="text-left"><button type="button" onclick="$('#image-row{{ image_row }}').remove();" data-toggle="tooltip" title="{{ button_remove }}" class="btn btn-danger"><i class="fa fa-minus-circle"></i></button></td>
LINE: 1052
CODE: function addImage() {
LINE: 1645
CODE: $('#images tbody').append(html);
LINE: 1672
CODE: html += '  <td class="text-left"><button type="button" onclick="$(\'#image-row' + image_row  + '\').remove();" data-toggle="tooltip" title="{{ button_remove }}" class="btn btn-danger"><i class="fa fa-minus-circle"></i></button></td>';
NOT FOUND - OPERATIONS ABORTED!
CODE: $data['heading_title'] = $product_info['name'];
LINE: 233
CODE: $data['images'] = array();
LINE: 354
CODE: $data['images'][] = array(
LINE: 363
CODE: $data['heading_title'] = $category_info['name'];
LINE: 244
CODE: $data['products'][] = array(
LINE: 500
CODE: $data['products'][] = array(
LINE: 505
CODE: $pagination = new Pagination();
LINE: 651

FILE: catalog/controller/common/column_left.php
CODE: if ($route == 'product/category' && isset($this->request->get['path'])) {
LINE: 42

FILE: catalog/controller/common/column_right.php
CODE: if ($route == 'product/category' && isset($this->request->get['path'])) {
LINE: 42

FILE: catalog/model/catalog/product.php
CODE: if (!empty($data['filter_manufacturer_id'])) {
LINE: 163
LINE: 532
CODE: return $this->load->view('common/header', $data);
LINE: 148
CODE: $this->response->setOutput($this->load->view('design/layout_form', $data));
LINE: 413
----------------------------------------------------------------
2020-10-12 11:23:53 - MOD: Modification Default

FILE: system/engine/action.php
REGEX: ~(require|include)(_once)?\(([^)]+)~
LINE: 69

FILE: system/engine/loader.php
REGEX: ~(require|include)(_once)?\(([^)]+)~
LINE: 77
LINE: 151
LINE: 168

FILE: system/library/config.php
REGEX: ~(require|include)(_once)?\(([^)]+)~
LINE: 59

FILE: system/library/language.php
REGEX: ~(require|include)(_once)?\(([^)]+)~
LINE: 67
LINE: 73

FILE: system/library/template/template.php
REGEX: ~(require|include)(_once)?\(([^)]+)~
LINE: 18

FILE: system/library/template/twig.php
CODE: $loader = new \Twig_Loader_Filesystem(DIR_TEMPLATE);
LINE: 19
----------------------------------------------------------------
MOD: OC Customize Template

FILE: admin/controller/design/layout.php
CODE: $this->load->language('design/layout');
LINE: 8
LINE: 21
LINE: 56
LINE: 91
CODE: protected function getForm() {
LINE: 261

FILE: admin/model/localisation/language.php
CODE: return $language_id;
LINE: 220
CODE: $this->db->query("DELETE FROM " . DB_PREFIX . "option_description WHERE language_id = '" . (int)$language_id . "'");
NOT FOUND - OPERATIONS ABORTED!

FILE: catalog/controller/account/address.php
CODE: $this->document->setTitle($this->language->get('heading_title'));
LINE: 16
LINE: 35
LINE: 67
LINE: 115

FILE: catalog/controller/account/download.php
CODE: $this->document->setTitle($this->language->get('heading_title'));
LINE: 14

FILE: catalog/controller/account/order.php
CODE: $this->document->setTitle($this->language->get('heading_title'));
LINE: 14

FILE: catalog/controller/account/recurring.php
CODE: $this->document->setTitle($this->language->get('heading_title'));
LINE: 14

FILE: catalog/controller/account/return.php
CODE: $this->document->setTitle($this->language->get('heading_title'));
LINE: 16
LINE: 234
LINE: 516

FILE: catalog/controller/account/reward.php
CODE: $this->document->setTitle($this->language->get('heading_title'));
LINE: 14

FILE: catalog/controller/account/transaction.php
CODE: $this->document->setTitle($this->language->get('heading_title'));
LINE: 14

FILE: catalog/controller/account/wishlist.php
CODE: $this->document->setTitle($this->language->get('heading_title'));
LINE: 29

FILE: catalog/controller/checkout/cart.php
CODE: $this->document->setTitle($this->language->get('heading_title'));
LINE: 8

FILE: catalog/controller/common/cart.php
CODE: $this->document->setTitle($this->language->get('heading_title'));
NOT FOUND - OPERATIONS ABORTED!

FILE: catalog/controller/extension/credit_card/sagepay_direct.php
CODE: $this->document->setTitle($this->language->get('heading_title'));
LINE: 16
LINE: 99

FILE: catalog/controller/extension/credit_card/sagepay_server.php
CODE: $this->document->setTitle($this->language->get('heading_title'));
LINE: 16

FILE: catalog/controller/product/search.php
CODE: $data['breadcrumbs'] = array();
LINE: 78

FILE: catalog/controller/product/category.php
CODE: $this->document->setTitle($this->language->get('heading_title'));
NOT FOUND - OPERATIONS ABORTED!

FILE: catalog/controller/product/compare.php
CODE: $this->document->setTitle($this->language->get('heading_title'));
LINE: 28

FILE: catalog/controller/product/manufacturer.php
CODE: $this->document->setTitle($this->language->get('heading_title'));
LINE: 12

FILE: catalog/controller/product/special.php
CODE: $this->document->setTitle($this->language->get('heading_title'));
LINE: 36
CODE: $this->load->language('product/category');
LINE: 6

FILE: catalog/controller/affiliate/login.php
CODE: $this->document->setTitle($this->language->get('heading_title'));
LINE: 14

FILE: catalog/controller/affiliate/register.php
CODE: $this->document->setTitle($this->language->get('heading_title'));
LINE: 14

FILE: catalog/controller/affiliate/success.php
CODE: $this->document->setTitle($this->language->get('heading_title'));
LINE: 8
CODE: $this->document->setTitle($this->language->get('heading_title'));
LINE: 14
CODE: $this->document->setTitle($this->language->get('heading_title'));
LINE: 14
CODE: $this->document->setTitle($this->language->get('heading_title'));
LINE: 8
CODE: $this->document->setTitle($this->language->get('heading_title'));
LINE: 8

FILE: catalog/controller/checkout/checkout.php
CODE: $this->document->setTitle($this->language->get('heading_title'));
LINE: 30

FILE: catalog/controller/checkout/failure.php
CODE: $this->document->setTitle($this->language->get('heading_title'));
LINE: 8

FILE: catalog/controller/checkout/success.php
CODE: $this->document->setTitle($this->language->get('heading_title'));
LINE: 25
CODE: $this->document->setTitle($this->language->get('heading_title'));
LINE: 28
CODE: $this->document->setTitle($this->language->get('heading_title'));
LINE: 12
CODE: $this->document->setTitle($this->language->get('heading_title'));
LINE: 75
CODE: $this->document->setTitle($this->language->get('heading_title'));
LINE: 36

FILE: catalog/controller/common/maintenance.php
CODE: $this->document->setTitle($this->language->get('heading_title'));
LINE: 8

FILE: catalog/controller/error/not_found.php
CODE: $this->document->setTitle($this->language->get('heading_title'));
LINE: 8

FILE: catalog/controller/information/sitemap.php
CODE: $this->document->setTitle($this->language->get('heading_title'));
LINE: 8

FILE: catalog/controller/information/contact.php
CODE: $this->document->setTitle($this->language->get('heading_title'));
LINE: 10
LINE: 177
CODE: $this->document->setTitle($this->language->get('heading_title'));
LINE: 16
LINE: 102
CODE: $this->document->setTitle($this->language->get('heading_title'));
LINE: 16

FILE: catalog/controller/extension/credit_card/squareup.php
CODE: $this->document->setTitle($this->language->get('heading_title'));
LINE: 17

FILE: catalog/controller/extension/payment/sagepay_direct.php
CODE: $this->document->setTitle($this->language->get('heading_title'));
NOT FOUND - OPERATIONS ABORTED!

FILE: catalog/controller/extension/payment/sagepay_server.php
CODE: $this->document->setTitle($this->language->get('heading_title'));
NOT FOUND - OPERATIONS ABORTED!

FILE: catalog/controller/extension/payment/squareup.php
CODE: $this->document->setTitle($this->language->get('heading_title'));
NOT FOUND - OPERATIONS ABORTED!

FILE: catalog/controller/extension/payment/amazon_login_pay.php
CODE: $this->document->setTitle($this->language->get('heading_title'));
NOT FOUND - OPERATIONS ABORTED!

FILE: catalog/controller/extension/payment/klarna_checkout.php
CODE: $this->document->setTitle($this->language->get('heading_title'));
LINE: 11

FILE: catalog/controller/extension/payment/wechat_pay.php
CODE: $this->document->setTitle($this->language->get('heading_title'));
LINE: 24

FILE: catalog/controller/extension/module/carousel.php
CODE: $data['banners'] = array();
LINE: 12

FILE: catalog/controller/extension/module/category.php
CODE: if ($category['category_id'] == $data['category_id']) {
LINE: 34

FILE: catalog/controller/common/header.php
CODE: return $this->load->view('common/header', $data);
LINE: 108
CODE: $data['telephone'] = $this->config->get('config_telephone');
LINE: 77

FILE: catalog/controller/common/footer.php
CODE: $data['newsletter'] = $this->url->link('account/newsletter', '', true);
LINE: 56
CODE: 'title' => $result['title'],
LINE: 15
CODE: foreach ($results as $result) {
LINE: 156
LINE: 199
CODE: $data['products'][] = array(
LINE: 281
CODE: 'product_id'  => $result['product_id'],
LINE: 290

FILE: catalog/controller/product/product.php
CODE: $results = $this->model_catalog_product->getProductRelated($this->request->get['product_id']);
LINE: 393
CODE: $data['products'][] = array(
LINE: 483
CODE: 'rating'      => $rating,
LINE: 501
CODE: $data['description'] = html_entity_decode($product_info['description'], ENT_QUOTES, 'UTF-8');
LINE: 245
CODE: $results = $this->model_catalog_product->getProductSpecials($filter_data);
LINE: 102
CODE: $data['products'][] = array(
LINE: 185
CODE: 'rating'      => $result['rating'],
LINE: 203
CODE: $results = $this->model_catalog_product->getProducts($filter_data);
LINE: 212
CODE: $data['products'][] = array(
LINE: 294
CODE: 'rating'      => $result['rating'],
LINE: 312
CODE: $results = $this->model_catalog_product->getProducts($filter_data);
LINE: 175
CODE: $data['products'][] = array(
LINE: 257
CODE: 'rating'      => $result['rating'],
LINE: 275
----------------------------------------------------------------
MOD: OC Search Category by Plaza Themes
CODE: $data['search'] = $this->load->controller('common/search');
LINE: 81
----------------------------------------------------------------
MOD: OC Theme Option

FILE: admin/controller/common/column_left.php
CODE: $sale = array();
LINE: 334

FILE: admin/controller/catalog/product.php
CODE: public function index() {
LINE: 11
CODE: $this->load->language('catalog/product');
LINE: 16
LINE: 30
LINE: 86
LINE: 142
LINE: 200
CODE: 'sort_order' => $product_image['sort_order']
LINE: 1112

FILE: admin/model/catalog/product.php
CODE: $this->db->query("INSERT INTO " . DB_PREFIX . "product_image SET product_id = '" . (int)$product_id . "', image = '" . $this->db->escape($product_image['image']) . "', sort_order = '" . (int)$product_image['sort_order'] . "'");
LINE: 74
LINE: 221

FILE: admin/view/template/catalog/product_form.twig
CODE: <td class="text-right">{{ entry_sort_order }}</td>
LINE: 998
CODE: <td class="text-left"><button type="button" onclick="$('#image-row{{ image_row }}').remove();" data-toggle="tooltip" title="{{ button_remove }}" class="btn btn-danger"><i class="fa fa-minus-circle"></i></button></td>
LINE: 1052
CODE: function addImage() {
LINE: 1645
CODE: $('#images tbody').append(html);
LINE: 1672
CODE: html += '  <td class="text-left"><button type="button" onclick="$(\'#image-row' + image_row  + '\').remove();" data-toggle="tooltip" title="{{ button_remove }}" class="btn btn-danger"><i class="fa fa-minus-circle"></i></button></td>';
NOT FOUND - OPERATIONS ABORTED!
CODE: $data['heading_title'] = $product_info['name'];
LINE: 233
CODE: $data['images'] = array();
LINE: 354
CODE: $data['images'][] = array(
LINE: 363
CODE: $data['heading_title'] = $category_info['name'];
LINE: 244
CODE: $data['products'][] = array(
LINE: 500
CODE: $data['products'][] = array(
LINE: 505
CODE: $pagination = new Pagination();
LINE: 651

FILE: catalog/controller/common/column_left.php
CODE: if ($route == 'product/category' && isset($this->request->get['path'])) {
LINE: 42

FILE: catalog/controller/common/column_right.php
CODE: if ($route == 'product/category' && isset($this->request->get['path'])) {
LINE: 42

FILE: catalog/model/catalog/product.php
CODE: if (!empty($data['filter_manufacturer_id'])) {
LINE: 163
LINE: 532
CODE: return $this->load->view('common/header', $data);
LINE: 148
CODE: $this->response->setOutput($this->load->view('design/layout_form', $data));
LINE: 413
----------------------------------------------------------------
2020-10-18 20:17:16 - MOD: Modification Default

FILE: system/engine/action.php
REGEX: ~(require|include)(_once)?\(([^)]+)~
LINE: 69

FILE: system/engine/loader.php
REGEX: ~(require|include)(_once)?\(([^)]+)~
LINE: 77
LINE: 151
LINE: 168

FILE: system/library/config.php
REGEX: ~(require|include)(_once)?\(([^)]+)~
LINE: 59

FILE: system/library/language.php
REGEX: ~(require|include)(_once)?\(([^)]+)~
LINE: 67
LINE: 73

FILE: system/library/template/template.php
REGEX: ~(require|include)(_once)?\(([^)]+)~
LINE: 18

FILE: system/library/template/twig.php
CODE: $loader = new \Twig_Loader_Filesystem(DIR_TEMPLATE);
LINE: 19
----------------------------------------------------------------
MOD: OC Customize Template

FILE: admin/controller/design/layout.php
CODE: $this->load->language('design/layout');
LINE: 8
LINE: 21
LINE: 56
LINE: 91
CODE: protected function getForm() {
LINE: 261

FILE: admin/model/localisation/language.php
CODE: return $language_id;
LINE: 220
CODE: $this->db->query("DELETE FROM " . DB_PREFIX . "option_description WHERE language_id = '" . (int)$language_id . "'");
NOT FOUND - OPERATIONS ABORTED!

FILE: catalog/controller/account/address.php
CODE: $this->document->setTitle($this->language->get('heading_title'));
LINE: 16
LINE: 35
LINE: 67
LINE: 115

FILE: catalog/controller/account/download.php
CODE: $this->document->setTitle($this->language->get('heading_title'));
LINE: 14

FILE: catalog/controller/account/order.php
CODE: $this->document->setTitle($this->language->get('heading_title'));
LINE: 14

FILE: catalog/controller/account/recurring.php
CODE: $this->document->setTitle($this->language->get('heading_title'));
LINE: 14

FILE: catalog/controller/account/return.php
CODE: $this->document->setTitle($this->language->get('heading_title'));
LINE: 16
LINE: 234
LINE: 516

FILE: catalog/controller/account/reward.php
CODE: $this->document->setTitle($this->language->get('heading_title'));
LINE: 14

FILE: catalog/controller/account/transaction.php
CODE: $this->document->setTitle($this->language->get('heading_title'));
LINE: 14

FILE: catalog/controller/account/wishlist.php
CODE: $this->document->setTitle($this->language->get('heading_title'));
LINE: 29

FILE: catalog/controller/checkout/cart.php
CODE: $this->document->setTitle($this->language->get('heading_title'));
LINE: 8

FILE: catalog/controller/common/cart.php
CODE: $this->document->setTitle($this->language->get('heading_title'));
NOT FOUND - OPERATIONS ABORTED!

FILE: catalog/controller/extension/credit_card/sagepay_direct.php
CODE: $this->document->setTitle($this->language->get('heading_title'));
LINE: 16
LINE: 99

FILE: catalog/controller/extension/credit_card/sagepay_server.php
CODE: $this->document->setTitle($this->language->get('heading_title'));
LINE: 16

FILE: catalog/controller/product/search.php
CODE: $data['breadcrumbs'] = array();
LINE: 78

FILE: catalog/controller/product/category.php
CODE: $this->document->setTitle($this->language->get('heading_title'));
NOT FOUND - OPERATIONS ABORTED!

FILE: catalog/controller/product/compare.php
CODE: $this->document->setTitle($this->language->get('heading_title'));
LINE: 28

FILE: catalog/controller/product/manufacturer.php
CODE: $this->document->setTitle($this->language->get('heading_title'));
LINE: 12

FILE: catalog/controller/product/special.php
CODE: $this->document->setTitle($this->language->get('heading_title'));
LINE: 36
CODE: $this->load->language('product/category');
LINE: 6

FILE: catalog/controller/affiliate/login.php
CODE: $this->document->setTitle($this->language->get('heading_title'));
LINE: 14

FILE: catalog/controller/affiliate/register.php
CODE: $this->document->setTitle($this->language->get('heading_title'));
LINE: 14

FILE: catalog/controller/affiliate/success.php
CODE: $this->document->setTitle($this->language->get('heading_title'));
LINE: 8
CODE: $this->document->setTitle($this->language->get('heading_title'));
LINE: 14
CODE: $this->document->setTitle($this->language->get('heading_title'));
LINE: 14
CODE: $this->document->setTitle($this->language->get('heading_title'));
LINE: 8
CODE: $this->document->setTitle($this->language->get('heading_title'));
LINE: 8

FILE: catalog/controller/checkout/checkout.php
CODE: $this->document->setTitle($this->language->get('heading_title'));
LINE: 30

FILE: catalog/controller/checkout/failure.php
CODE: $this->document->setTitle($this->language->get('heading_title'));
LINE: 8

FILE: catalog/controller/checkout/success.php
CODE: $this->document->setTitle($this->language->get('heading_title'));
LINE: 25
CODE: $this->document->setTitle($this->language->get('heading_title'));
LINE: 28
CODE: $this->document->setTitle($this->language->get('heading_title'));
LINE: 12
CODE: $this->document->setTitle($this->language->get('heading_title'));
LINE: 75
CODE: $this->document->setTitle($this->language->get('heading_title'));
LINE: 36

FILE: catalog/controller/common/maintenance.php
CODE: $this->document->setTitle($this->language->get('heading_title'));
LINE: 8

FILE: catalog/controller/error/not_found.php
CODE: $this->document->setTitle($this->language->get('heading_title'));
LINE: 8

FILE: catalog/controller/information/sitemap.php
CODE: $this->document->setTitle($this->language->get('heading_title'));
LINE: 8

FILE: catalog/controller/information/contact.php
CODE: $this->document->setTitle($this->language->get('heading_title'));
LINE: 10
LINE: 177
CODE: $this->document->setTitle($this->language->get('heading_title'));
LINE: 16
LINE: 102
CODE: $this->document->setTitle($this->language->get('heading_title'));
LINE: 16

FILE: catalog/controller/extension/credit_card/squareup.php
CODE: $this->document->setTitle($this->language->get('heading_title'));
LINE: 17

FILE: catalog/controller/extension/payment/sagepay_direct.php
CODE: $this->document->setTitle($this->language->get('heading_title'));
NOT FOUND - OPERATIONS ABORTED!

FILE: catalog/controller/extension/payment/sagepay_server.php
CODE: $this->document->setTitle($this->language->get('heading_title'));
NOT FOUND - OPERATIONS ABORTED!

FILE: catalog/controller/extension/payment/squareup.php
CODE: $this->document->setTitle($this->language->get('heading_title'));
NOT FOUND - OPERATIONS ABORTED!

FILE: catalog/controller/extension/payment/amazon_login_pay.php
CODE: $this->document->setTitle($this->language->get('heading_title'));
NOT FOUND - OPERATIONS ABORTED!

FILE: catalog/controller/extension/payment/klarna_checkout.php
CODE: $this->document->setTitle($this->language->get('heading_title'));
LINE: 11

FILE: catalog/controller/extension/payment/wechat_pay.php
CODE: $this->document->setTitle($this->language->get('heading_title'));
LINE: 24

FILE: catalog/controller/extension/module/carousel.php
CODE: $data['banners'] = array();
LINE: 12

FILE: catalog/controller/extension/module/category.php
CODE: if ($category['category_id'] == $data['category_id']) {
LINE: 34

FILE: catalog/controller/common/header.php
CODE: return $this->load->view('common/header', $data);
LINE: 108
CODE: $data['telephone'] = $this->config->get('config_telephone');
LINE: 77

FILE: catalog/controller/common/footer.php
CODE: $data['newsletter'] = $this->url->link('account/newsletter', '', true);
LINE: 56
CODE: 'title' => $result['title'],
LINE: 15
CODE: foreach ($results as $result) {
LINE: 156
LINE: 199
CODE: $data['products'][] = array(
LINE: 281
CODE: 'product_id'  => $result['product_id'],
LINE: 290

FILE: catalog/controller/product/product.php
CODE: $results = $this->model_catalog_product->getProductRelated($this->request->get['product_id']);
LINE: 393
CODE: $data['products'][] = array(
LINE: 483
CODE: 'rating'      => $rating,
LINE: 501
CODE: $data['description'] = html_entity_decode($product_info['description'], ENT_QUOTES, 'UTF-8');
LINE: 245
CODE: $results = $this->model_catalog_product->getProductSpecials($filter_data);
LINE: 102
CODE: $data['products'][] = array(
LINE: 185
CODE: 'rating'      => $result['rating'],
LINE: 203
CODE: $results = $this->model_catalog_product->getProducts($filter_data);
LINE: 212
CODE: $data['products'][] = array(
LINE: 294
CODE: 'rating'      => $result['rating'],
LINE: 312
CODE: $results = $this->model_catalog_product->getProducts($filter_data);
LINE: 175
CODE: $data['products'][] = array(
LINE: 257
CODE: 'rating'      => $result['rating'],
LINE: 275
----------------------------------------------------------------
MOD: OC Search Category by Plaza Themes
CODE: $data['search'] = $this->load->controller('common/search');
LINE: 81
----------------------------------------------------------------
MOD: OC Theme Option

FILE: admin/controller/common/column_left.php
CODE: $sale = array();
LINE: 334

FILE: admin/controller/catalog/product.php
CODE: public function index() {
LINE: 11
CODE: $this->load->language('catalog/product');
LINE: 16
LINE: 30
LINE: 86
LINE: 142
LINE: 200
CODE: 'sort_order' => $product_image['sort_order']
LINE: 1112

FILE: admin/model/catalog/product.php
CODE: $this->db->query("INSERT INTO " . DB_PREFIX . "product_image SET product_id = '" . (int)$product_id . "', image = '" . $this->db->escape($product_image['image']) . "', sort_order = '" . (int)$product_image['sort_order'] . "'");
LINE: 74
LINE: 221

FILE: admin/view/template/catalog/product_form.twig
CODE: <td class="text-right">{{ entry_sort_order }}</td>
LINE: 998
CODE: <td class="text-left"><button type="button" onclick="$('#image-row{{ image_row }}').remove();" data-toggle="tooltip" title="{{ button_remove }}" class="btn btn-danger"><i class="fa fa-minus-circle"></i></button></td>
LINE: 1052
CODE: function addImage() {
LINE: 1645
CODE: $('#images tbody').append(html);
LINE: 1672
CODE: html += '  <td class="text-left"><button type="button" onclick="$(\'#image-row' + image_row  + '\').remove();" data-toggle="tooltip" title="{{ button_remove }}" class="btn btn-danger"><i class="fa fa-minus-circle"></i></button></td>';
NOT FOUND - OPERATIONS ABORTED!
CODE: $data['heading_title'] = $product_info['name'];
LINE: 233
CODE: $data['images'] = array();
LINE: 354
CODE: $data['images'][] = array(
LINE: 363
CODE: $data['heading_title'] = $category_info['name'];
LINE: 244
CODE: $data['products'][] = array(
LINE: 500
CODE: $data['products'][] = array(
LINE: 505
CODE: $pagination = new Pagination();
LINE: 651

FILE: catalog/controller/common/column_left.php
CODE: if ($route == 'product/category' && isset($this->request->get['path'])) {
LINE: 42

FILE: catalog/controller/common/column_right.php
CODE: if ($route == 'product/category' && isset($this->request->get['path'])) {
LINE: 42

FILE: catalog/model/catalog/product.php
CODE: if (!empty($data['filter_manufacturer_id'])) {
LINE: 163
LINE: 532
CODE: return $this->load->view('common/header', $data);
LINE: 148
CODE: $this->response->setOutput($this->load->view('design/layout_form', $data));
LINE: 413
----------------------------------------------------------------
MOD: Opencart 3.x Gelişmiş Seo URL

FILE: catalog/controller/startup/seo_url.php
CODE: } elseif ($key == 'path') {
LINE: 96
----------------------------------------------------------------
2020-10-18 20:17:25 - MOD: Modification Default

FILE: system/engine/action.php
REGEX: ~(require|include)(_once)?\(([^)]+)~
LINE: 69

FILE: system/engine/loader.php
REGEX: ~(require|include)(_once)?\(([^)]+)~
LINE: 77
LINE: 151
LINE: 168

FILE: system/library/config.php
REGEX: ~(require|include)(_once)?\(([^)]+)~
LINE: 59

FILE: system/library/language.php
REGEX: ~(require|include)(_once)?\(([^)]+)~
LINE: 67
LINE: 73

FILE: system/library/template/template.php
REGEX: ~(require|include)(_once)?\(([^)]+)~
LINE: 18

FILE: system/library/template/twig.php
CODE: $loader = new \Twig_Loader_Filesystem(DIR_TEMPLATE);
LINE: 19
----------------------------------------------------------------
MOD: OC Customize Template

FILE: admin/controller/design/layout.php
CODE: $this->load->language('design/layout');
LINE: 8
LINE: 21
LINE: 56
LINE: 91
CODE: protected function getForm() {
LINE: 261

FILE: admin/model/localisation/language.php
CODE: return $language_id;
LINE: 220
CODE: $this->db->query("DELETE FROM " . DB_PREFIX . "option_description WHERE language_id = '" . (int)$language_id . "'");
NOT FOUND - OPERATIONS ABORTED!

FILE: catalog/controller/account/address.php
CODE: $this->document->setTitle($this->language->get('heading_title'));
LINE: 16
LINE: 35
LINE: 67
LINE: 115

FILE: catalog/controller/account/download.php
CODE: $this->document->setTitle($this->language->get('heading_title'));
LINE: 14

FILE: catalog/controller/account/order.php
CODE: $this->document->setTitle($this->language->get('heading_title'));
LINE: 14

FILE: catalog/controller/account/recurring.php
CODE: $this->document->setTitle($this->language->get('heading_title'));
LINE: 14

FILE: catalog/controller/account/return.php
CODE: $this->document->setTitle($this->language->get('heading_title'));
LINE: 16
LINE: 234
LINE: 516

FILE: catalog/controller/account/reward.php
CODE: $this->document->setTitle($this->language->get('heading_title'));
LINE: 14

FILE: catalog/controller/account/transaction.php
CODE: $this->document->setTitle($this->language->get('heading_title'));
LINE: 14

FILE: catalog/controller/account/wishlist.php
CODE: $this->document->setTitle($this->language->get('heading_title'));
LINE: 29

FILE: catalog/controller/checkout/cart.php
CODE: $this->document->setTitle($this->language->get('heading_title'));
LINE: 8

FILE: catalog/controller/common/cart.php
CODE: $this->document->setTitle($this->language->get('heading_title'));
NOT FOUND - OPERATIONS ABORTED!

FILE: catalog/controller/extension/credit_card/sagepay_direct.php
CODE: $this->document->setTitle($this->language->get('heading_title'));
LINE: 16
LINE: 99

FILE: catalog/controller/extension/credit_card/sagepay_server.php
CODE: $this->document->setTitle($this->language->get('heading_title'));
LINE: 16

FILE: catalog/controller/product/search.php
CODE: $data['breadcrumbs'] = array();
LINE: 78

FILE: catalog/controller/product/category.php
CODE: $this->document->setTitle($this->language->get('heading_title'));
NOT FOUND - OPERATIONS ABORTED!

FILE: catalog/controller/product/compare.php
CODE: $this->document->setTitle($this->language->get('heading_title'));
LINE: 28

FILE: catalog/controller/product/manufacturer.php
CODE: $this->document->setTitle($this->language->get('heading_title'));
LINE: 12

FILE: catalog/controller/product/special.php
CODE: $this->document->setTitle($this->language->get('heading_title'));
LINE: 36
CODE: $this->load->language('product/category');
LINE: 6

FILE: catalog/controller/affiliate/login.php
CODE: $this->document->setTitle($this->language->get('heading_title'));
LINE: 14

FILE: catalog/controller/affiliate/register.php
CODE: $this->document->setTitle($this->language->get('heading_title'));
LINE: 14

FILE: catalog/controller/affiliate/success.php
CODE: $this->document->setTitle($this->language->get('heading_title'));
LINE: 8
CODE: $this->document->setTitle($this->language->get('heading_title'));
LINE: 14
CODE: $this->document->setTitle($this->language->get('heading_title'));
LINE: 14
CODE: $this->document->setTitle($this->language->get('heading_title'));
LINE: 8
CODE: $this->document->setTitle($this->language->get('heading_title'));
LINE: 8

FILE: catalog/controller/checkout/checkout.php
CODE: $this->document->setTitle($this->language->get('heading_title'));
LINE: 30

FILE: catalog/controller/checkout/failure.php
CODE: $this->document->setTitle($this->language->get('heading_title'));
LINE: 8

FILE: catalog/controller/checkout/success.php
CODE: $this->document->setTitle($this->language->get('heading_title'));
LINE: 25
CODE: $this->document->setTitle($this->language->get('heading_title'));
LINE: 28
CODE: $this->document->setTitle($this->language->get('heading_title'));
LINE: 12
CODE: $this->document->setTitle($this->language->get('heading_title'));
LINE: 75
CODE: $this->document->setTitle($this->language->get('heading_title'));
LINE: 36

FILE: catalog/controller/common/maintenance.php
CODE: $this->document->setTitle($this->language->get('heading_title'));
LINE: 8

FILE: catalog/controller/error/not_found.php
CODE: $this->document->setTitle($this->language->get('heading_title'));
LINE: 8

FILE: catalog/controller/information/sitemap.php
CODE: $this->document->setTitle($this->language->get('heading_title'));
LINE: 8

FILE: catalog/controller/information/contact.php
CODE: $this->document->setTitle($this->language->get('heading_title'));
LINE: 10
LINE: 177
CODE: $this->document->setTitle($this->language->get('heading_title'));
LINE: 16
LINE: 102
CODE: $this->document->setTitle($this->language->get('heading_title'));
LINE: 16

FILE: catalog/controller/extension/credit_card/squareup.php
CODE: $this->document->setTitle($this->language->get('heading_title'));
LINE: 17

FILE: catalog/controller/extension/payment/sagepay_direct.php
CODE: $this->document->setTitle($this->language->get('heading_title'));
NOT FOUND - OPERATIONS ABORTED!

FILE: catalog/controller/extension/payment/sagepay_server.php
CODE: $this->document->setTitle($this->language->get('heading_title'));
NOT FOUND - OPERATIONS ABORTED!

FILE: catalog/controller/extension/payment/squareup.php
CODE: $this->document->setTitle($this->language->get('heading_title'));
NOT FOUND - OPERATIONS ABORTED!

FILE: catalog/controller/extension/payment/amazon_login_pay.php
CODE: $this->document->setTitle($this->language->get('heading_title'));
NOT FOUND - OPERATIONS ABORTED!

FILE: catalog/controller/extension/payment/klarna_checkout.php
CODE: $this->document->setTitle($this->language->get('heading_title'));
LINE: 11

FILE: catalog/controller/extension/payment/wechat_pay.php
CODE: $this->document->setTitle($this->language->get('heading_title'));
LINE: 24

FILE: catalog/controller/extension/module/carousel.php
CODE: $data['banners'] = array();
LINE: 12

FILE: catalog/controller/extension/module/category.php
CODE: if ($category['category_id'] == $data['category_id']) {
LINE: 34

FILE: catalog/controller/common/header.php
CODE: return $this->load->view('common/header', $data);
LINE: 108
CODE: $data['telephone'] = $this->config->get('config_telephone');
LINE: 77

FILE: catalog/controller/common/footer.php
CODE: $data['newsletter'] = $this->url->link('account/newsletter', '', true);
LINE: 56
CODE: 'title' => $result['title'],
LINE: 15
CODE: foreach ($results as $result) {
LINE: 156
LINE: 199
CODE: $data['products'][] = array(
LINE: 281
CODE: 'product_id'  => $result['product_id'],
LINE: 290

FILE: catalog/controller/product/product.php
CODE: $results = $this->model_catalog_product->getProductRelated($this->request->get['product_id']);
LINE: 393
CODE: $data['products'][] = array(
LINE: 483
CODE: 'rating'      => $rating,
LINE: 501
CODE: $data['description'] = html_entity_decode($product_info['description'], ENT_QUOTES, 'UTF-8');
LINE: 245
CODE: $results = $this->model_catalog_product->getProductSpecials($filter_data);
LINE: 102
CODE: $data['products'][] = array(
LINE: 185
CODE: 'rating'      => $result['rating'],
LINE: 203
CODE: $results = $this->model_catalog_product->getProducts($filter_data);
LINE: 212
CODE: $data['products'][] = array(
LINE: 294
CODE: 'rating'      => $result['rating'],
LINE: 312
CODE: $results = $this->model_catalog_product->getProducts($filter_data);
LINE: 175
CODE: $data['products'][] = array(
LINE: 257
CODE: 'rating'      => $result['rating'],
LINE: 275
----------------------------------------------------------------
MOD: OC Search Category by Plaza Themes
CODE: $data['search'] = $this->load->controller('common/search');
LINE: 81
----------------------------------------------------------------
MOD: OC Theme Option

FILE: admin/controller/common/column_left.php
CODE: $sale = array();
LINE: 334

FILE: admin/controller/catalog/product.php
CODE: public function index() {
LINE: 11
CODE: $this->load->language('catalog/product');
LINE: 16
LINE: 30
LINE: 86
LINE: 142
LINE: 200
CODE: 'sort_order' => $product_image['sort_order']
LINE: 1112

FILE: admin/model/catalog/product.php
CODE: $this->db->query("INSERT INTO " . DB_PREFIX . "product_image SET product_id = '" . (int)$product_id . "', image = '" . $this->db->escape($product_image['image']) . "', sort_order = '" . (int)$product_image['sort_order'] . "'");
LINE: 74
LINE: 221

FILE: admin/view/template/catalog/product_form.twig
CODE: <td class="text-right">{{ entry_sort_order }}</td>
LINE: 998
CODE: <td class="text-left"><button type="button" onclick="$('#image-row{{ image_row }}').remove();" data-toggle="tooltip" title="{{ button_remove }}" class="btn btn-danger"><i class="fa fa-minus-circle"></i></button></td>
LINE: 1052
CODE: function addImage() {
LINE: 1645
CODE: $('#images tbody').append(html);
LINE: 1672
CODE: html += '  <td class="text-left"><button type="button" onclick="$(\'#image-row' + image_row  + '\').remove();" data-toggle="tooltip" title="{{ button_remove }}" class="btn btn-danger"><i class="fa fa-minus-circle"></i></button></td>';
NOT FOUND - OPERATIONS ABORTED!
CODE: $data['heading_title'] = $product_info['name'];
LINE: 233
CODE: $data['images'] = array();
LINE: 354
CODE: $data['images'][] = array(
LINE: 363
CODE: $data['heading_title'] = $category_info['name'];
LINE: 244
CODE: $data['products'][] = array(
LINE: 500
CODE: $data['products'][] = array(
LINE: 505
CODE: $pagination = new Pagination();
LINE: 651

FILE: catalog/controller/common/column_left.php
CODE: if ($route == 'product/category' && isset($this->request->get['path'])) {
LINE: 42

FILE: catalog/controller/common/column_right.php
CODE: if ($route == 'product/category' && isset($this->request->get['path'])) {
LINE: 42

FILE: catalog/model/catalog/product.php
CODE: if (!empty($data['filter_manufacturer_id'])) {
LINE: 163
LINE: 532
CODE: return $this->load->view('common/header', $data);
LINE: 148
CODE: $this->response->setOutput($this->load->view('design/layout_form', $data));
LINE: 413
----------------------------------------------------------------
MOD: Opencart 3.x Gelişmiş Seo URL

FILE: catalog/controller/startup/seo_url.php
CODE: } elseif ($key == 'path') {
LINE: 96
----------------------------------------------------------------
2020-10-20 20:24:08 - MOD: Modification Default

FILE: system/engine/action.php
REGEX: ~(require|include)(_once)?\(([^)]+)~
LINE: 69

FILE: system/engine/loader.php
REGEX: ~(require|include)(_once)?\(([^)]+)~
LINE: 77
LINE: 151
LINE: 168

FILE: system/library/config.php
REGEX: ~(require|include)(_once)?\(([^)]+)~
LINE: 59

FILE: system/library/language.php
REGEX: ~(require|include)(_once)?\(([^)]+)~
LINE: 67
LINE: 73

FILE: system/library/template/template.php
REGEX: ~(require|include)(_once)?\(([^)]+)~
LINE: 18

FILE: system/library/template/twig.php
CODE: $loader = new \Twig_Loader_Filesystem(DIR_TEMPLATE);
LINE: 19
----------------------------------------------------------------
MOD: OC Customize Template

FILE: admin/controller/design/layout.php
CODE: $this->load->language('design/layout');
LINE: 8
LINE: 21
LINE: 56
LINE: 91
CODE: protected function getForm() {
LINE: 261

FILE: admin/model/localisation/language.php
CODE: return $language_id;
LINE: 220
CODE: $this->db->query("DELETE FROM " . DB_PREFIX . "option_description WHERE language_id = '" . (int)$language_id . "'");
NOT FOUND - OPERATIONS ABORTED!

FILE: catalog/controller/account/address.php
CODE: $this->document->setTitle($this->language->get('heading_title'));
LINE: 16
LINE: 35
LINE: 67
LINE: 115

FILE: catalog/controller/account/download.php
CODE: $this->document->setTitle($this->language->get('heading_title'));
LINE: 14

FILE: catalog/controller/account/order.php
CODE: $this->document->setTitle($this->language->get('heading_title'));
LINE: 14

FILE: catalog/controller/account/recurring.php
CODE: $this->document->setTitle($this->language->get('heading_title'));
LINE: 14

FILE: catalog/controller/account/return.php
CODE: $this->document->setTitle($this->language->get('heading_title'));
LINE: 16
LINE: 234
LINE: 516

FILE: catalog/controller/account/reward.php
CODE: $this->document->setTitle($this->language->get('heading_title'));
LINE: 14

FILE: catalog/controller/account/transaction.php
CODE: $this->document->setTitle($this->language->get('heading_title'));
LINE: 14

FILE: catalog/controller/account/wishlist.php
CODE: $this->document->setTitle($this->language->get('heading_title'));
LINE: 29

FILE: catalog/controller/checkout/cart.php
CODE: $this->document->setTitle($this->language->get('heading_title'));
LINE: 8

FILE: catalog/controller/common/cart.php
CODE: $this->document->setTitle($this->language->get('heading_title'));
NOT FOUND - OPERATIONS ABORTED!

FILE: catalog/controller/extension/credit_card/sagepay_direct.php
CODE: $this->document->setTitle($this->language->get('heading_title'));
LINE: 16
LINE: 99

FILE: catalog/controller/extension/credit_card/sagepay_server.php
CODE: $this->document->setTitle($this->language->get('heading_title'));
LINE: 16

FILE: catalog/controller/product/search.php
CODE: $data['breadcrumbs'] = array();
LINE: 78

FILE: catalog/controller/product/category.php
CODE: $this->document->setTitle($this->language->get('heading_title'));
NOT FOUND - OPERATIONS ABORTED!

FILE: catalog/controller/product/compare.php
CODE: $this->document->setTitle($this->language->get('heading_title'));
LINE: 28

FILE: catalog/controller/product/manufacturer.php
CODE: $this->document->setTitle($this->language->get('heading_title'));
LINE: 12

FILE: catalog/controller/product/special.php
CODE: $this->document->setTitle($this->language->get('heading_title'));
LINE: 36
CODE: $this->load->language('product/category');
LINE: 6

FILE: catalog/controller/affiliate/login.php
CODE: $this->document->setTitle($this->language->get('heading_title'));
LINE: 14

FILE: catalog/controller/affiliate/register.php
CODE: $this->document->setTitle($this->language->get('heading_title'));
LINE: 14

FILE: catalog/controller/affiliate/success.php
CODE: $this->document->setTitle($this->language->get('heading_title'));
LINE: 8
CODE: $this->document->setTitle($this->language->get('heading_title'));
LINE: 14
CODE: $this->document->setTitle($this->language->get('heading_title'));
LINE: 14
CODE: $this->document->setTitle($this->language->get('heading_title'));
LINE: 8
CODE: $this->document->setTitle($this->language->get('heading_title'));
LINE: 8

FILE: catalog/controller/checkout/checkout.php
CODE: $this->document->setTitle($this->language->get('heading_title'));
LINE: 30

FILE: catalog/controller/checkout/failure.php
CODE: $this->document->setTitle($this->language->get('heading_title'));
LINE: 8

FILE: catalog/controller/checkout/success.php
CODE: $this->document->setTitle($this->language->get('heading_title'));
LINE: 25
CODE: $this->document->setTitle($this->language->get('heading_title'));
LINE: 28
CODE: $this->document->setTitle($this->language->get('heading_title'));
LINE: 12
CODE: $this->document->setTitle($this->language->get('heading_title'));
LINE: 75
CODE: $this->document->setTitle($this->language->get('heading_title'));
LINE: 36

FILE: catalog/controller/common/maintenance.php
CODE: $this->document->setTitle($this->language->get('heading_title'));
LINE: 8

FILE: catalog/controller/error/not_found.php
CODE: $this->document->setTitle($this->language->get('heading_title'));
LINE: 8

FILE: catalog/controller/information/sitemap.php
CODE: $this->document->setTitle($this->language->get('heading_title'));
LINE: 8

FILE: catalog/controller/information/contact.php
CODE: $this->document->setTitle($this->language->get('heading_title'));
LINE: 10
LINE: 177
CODE: $this->document->setTitle($this->language->get('heading_title'));
LINE: 16
LINE: 102
CODE: $this->document->setTitle($this->language->get('heading_title'));
LINE: 16

FILE: catalog/controller/extension/credit_card/squareup.php
CODE: $this->document->setTitle($this->language->get('heading_title'));
LINE: 17

FILE: catalog/controller/extension/payment/sagepay_direct.php
CODE: $this->document->setTitle($this->language->get('heading_title'));
NOT FOUND - OPERATIONS ABORTED!

FILE: catalog/controller/extension/payment/sagepay_server.php
CODE: $this->document->setTitle($this->language->get('heading_title'));
NOT FOUND - OPERATIONS ABORTED!

FILE: catalog/controller/extension/payment/squareup.php
CODE: $this->document->setTitle($this->language->get('heading_title'));
NOT FOUND - OPERATIONS ABORTED!

FILE: catalog/controller/extension/payment/amazon_login_pay.php
CODE: $this->document->setTitle($this->language->get('heading_title'));
NOT FOUND - OPERATIONS ABORTED!

FILE: catalog/controller/extension/payment/klarna_checkout.php
CODE: $this->document->setTitle($this->language->get('heading_title'));
LINE: 11

FILE: catalog/controller/extension/payment/wechat_pay.php
CODE: $this->document->setTitle($this->language->get('heading_title'));
LINE: 24

FILE: catalog/controller/extension/module/carousel.php
CODE: $data['banners'] = array();
LINE: 12

FILE: catalog/controller/extension/module/category.php
CODE: if ($category['category_id'] == $data['category_id']) {
LINE: 34

FILE: catalog/controller/common/header.php
CODE: return $this->load->view('common/header', $data);
LINE: 108
CODE: $data['telephone'] = $this->config->get('config_telephone');
LINE: 77

FILE: catalog/controller/common/footer.php
CODE: $data['newsletter'] = $this->url->link('account/newsletter', '', true);
LINE: 56
CODE: 'title' => $result['title'],
LINE: 15
CODE: foreach ($results as $result) {
LINE: 156
LINE: 199
CODE: $data['products'][] = array(
LINE: 281
CODE: 'product_id'  => $result['product_id'],
LINE: 290

FILE: catalog/controller/product/product.php
CODE: $results = $this->model_catalog_product->getProductRelated($this->request->get['product_id']);
LINE: 393
CODE: $data['products'][] = array(
LINE: 483
CODE: 'rating'      => $rating,
LINE: 501
CODE: $data['description'] = html_entity_decode($product_info['description'], ENT_QUOTES, 'UTF-8');
LINE: 245
CODE: $results = $this->model_catalog_product->getProductSpecials($filter_data);
LINE: 102
CODE: $data['products'][] = array(
LINE: 185
CODE: 'rating'      => $result['rating'],
LINE: 203
CODE: $results = $this->model_catalog_product->getProducts($filter_data);
LINE: 212
CODE: $data['products'][] = array(
LINE: 294
CODE: 'rating'      => $result['rating'],
LINE: 312
CODE: $results = $this->model_catalog_product->getProducts($filter_data);
LINE: 175
CODE: $data['products'][] = array(
LINE: 257
CODE: 'rating'      => $result['rating'],
LINE: 275
----------------------------------------------------------------
MOD: OC Search Category by Plaza Themes
CODE: $data['search'] = $this->load->controller('common/search');
LINE: 81
----------------------------------------------------------------
MOD: OC Theme Option

FILE: admin/controller/common/column_left.php
CODE: $sale = array();
LINE: 334

FILE: admin/controller/catalog/product.php
CODE: public function index() {
LINE: 11
CODE: $this->load->language('catalog/product');
LINE: 16
LINE: 30
LINE: 86
LINE: 142
LINE: 200
CODE: 'sort_order' => $product_image['sort_order']
LINE: 1112

FILE: admin/model/catalog/product.php
CODE: $this->db->query("INSERT INTO " . DB_PREFIX . "product_image SET product_id = '" . (int)$product_id . "', image = '" . $this->db->escape($product_image['image']) . "', sort_order = '" . (int)$product_image['sort_order'] . "'");
LINE: 74
LINE: 221

FILE: admin/view/template/catalog/product_form.twig
CODE: <td class="text-right">{{ entry_sort_order }}</td>
LINE: 998
CODE: <td class="text-left"><button type="button" onclick="$('#image-row{{ image_row }}').remove();" data-toggle="tooltip" title="{{ button_remove }}" class="btn btn-danger"><i class="fa fa-minus-circle"></i></button></td>
LINE: 1052
CODE: function addImage() {
LINE: 1645
CODE: $('#images tbody').append(html);
LINE: 1672
CODE: html += '  <td class="text-left"><button type="button" onclick="$(\'#image-row' + image_row  + '\').remove();" data-toggle="tooltip" title="{{ button_remove }}" class="btn btn-danger"><i class="fa fa-minus-circle"></i></button></td>';
NOT FOUND - OPERATIONS ABORTED!
CODE: $data['heading_title'] = $product_info['name'];
LINE: 233
CODE: $data['images'] = array();
LINE: 354
CODE: $data['images'][] = array(
LINE: 363
CODE: $data['heading_title'] = $category_info['name'];
LINE: 244
CODE: $data['products'][] = array(
LINE: 500
CODE: $data['products'][] = array(
LINE: 505
CODE: $pagination = new Pagination();
LINE: 651

FILE: catalog/controller/common/column_left.php
CODE: if ($route == 'product/category' && isset($this->request->get['path'])) {
LINE: 42

FILE: catalog/controller/common/column_right.php
CODE: if ($route == 'product/category' && isset($this->request->get['path'])) {
LINE: 42

FILE: catalog/model/catalog/product.php
CODE: if (!empty($data['filter_manufacturer_id'])) {
LINE: 163
LINE: 532
CODE: return $this->load->view('common/header', $data);
LINE: 148
CODE: $this->response->setOutput($this->load->view('design/layout_form', $data));
LINE: 413
----------------------------------------------------------------
MOD: Opencart 3.x Gelişmiş Seo URL

FILE: catalog/controller/startup/seo_url.php
CODE: } elseif ($key == 'path') {
LINE: 96
----------------------------------------------------------------
2020-10-21 7:02:47 - MOD: Modification Default

FILE: system/engine/action.php
REGEX: ~(require|include)(_once)?\(([^)]+)~
LINE: 69

FILE: system/engine/loader.php
REGEX: ~(require|include)(_once)?\(([^)]+)~
LINE: 77
LINE: 151
LINE: 168

FILE: system/library/config.php
REGEX: ~(require|include)(_once)?\(([^)]+)~
LINE: 59

FILE: system/library/language.php
REGEX: ~(require|include)(_once)?\(([^)]+)~
LINE: 67
LINE: 73

FILE: system/library/template/template.php
REGEX: ~(require|include)(_once)?\(([^)]+)~
LINE: 18

FILE: system/library/template/twig.php
CODE: $loader = new \Twig_Loader_Filesystem(DIR_TEMPLATE);
LINE: 19
----------------------------------------------------------------
MOD: NitroPack.io

FILE: catalog/controller/extension/module/nitropack.php
CODE: use nitropackio\compatibility\controller\Catalog as Controller;
LINE: 5

FILE: catalog/controller/startup/router.php
CODE: // Trigger the pre events
LINE: 26

FILE: catalog/controller/startup/startup.php
CODE: if (isset($this->request->get['tracking'])) {
LINE: 131

FILE: catalog/controller/startup/error.php
CODE: if ($this->config->get('config_error_display')) {
LINE: 39

FILE: system/engine/router.php
CODE: while ($action
LINE: 67
----------------------------------------------------------------
MOD: OC Customize Template

FILE: admin/controller/design/layout.php
CODE: $this->load->language('design/layout');
LINE: 8
LINE: 21
LINE: 56
LINE: 91
CODE: protected function getForm() {
LINE: 261

FILE: admin/model/localisation/language.php
CODE: return $language_id;
LINE: 220
CODE: $this->db->query("DELETE FROM " . DB_PREFIX . "option_description WHERE language_id = '" . (int)$language_id . "'");
NOT FOUND - OPERATIONS ABORTED!

FILE: catalog/controller/account/address.php
CODE: $this->document->setTitle($this->language->get('heading_title'));
LINE: 16
LINE: 35
LINE: 67
LINE: 115

FILE: catalog/controller/account/download.php
CODE: $this->document->setTitle($this->language->get('heading_title'));
LINE: 14

FILE: catalog/controller/account/order.php
CODE: $this->document->setTitle($this->language->get('heading_title'));
LINE: 14

FILE: catalog/controller/account/recurring.php
CODE: $this->document->setTitle($this->language->get('heading_title'));
LINE: 14

FILE: catalog/controller/account/return.php
CODE: $this->document->setTitle($this->language->get('heading_title'));
LINE: 16
LINE: 234
LINE: 516

FILE: catalog/controller/account/reward.php
CODE: $this->document->setTitle($this->language->get('heading_title'));
LINE: 14

FILE: catalog/controller/account/transaction.php
CODE: $this->document->setTitle($this->language->get('heading_title'));
LINE: 14

FILE: catalog/controller/account/wishlist.php
CODE: $this->document->setTitle($this->language->get('heading_title'));
LINE: 29

FILE: catalog/controller/checkout/cart.php
CODE: $this->document->setTitle($this->language->get('heading_title'));
LINE: 8

FILE: catalog/controller/common/cart.php
CODE: $this->document->setTitle($this->language->get('heading_title'));
NOT FOUND - OPERATIONS ABORTED!

FILE: catalog/controller/extension/credit_card/sagepay_direct.php
CODE: $this->document->setTitle($this->language->get('heading_title'));
LINE: 16
LINE: 99

FILE: catalog/controller/extension/credit_card/sagepay_server.php
CODE: $this->document->setTitle($this->language->get('heading_title'));
LINE: 16

FILE: catalog/controller/product/search.php
CODE: $data['breadcrumbs'] = array();
LINE: 78

FILE: catalog/controller/product/category.php
CODE: $this->document->setTitle($this->language->get('heading_title'));
NOT FOUND - OPERATIONS ABORTED!

FILE: catalog/controller/product/compare.php
CODE: $this->document->setTitle($this->language->get('heading_title'));
LINE: 28

FILE: catalog/controller/product/manufacturer.php
CODE: $this->document->setTitle($this->language->get('heading_title'));
LINE: 12

FILE: catalog/controller/product/special.php
CODE: $this->document->setTitle($this->language->get('heading_title'));
LINE: 36
CODE: $this->load->language('product/category');
LINE: 6

FILE: catalog/controller/affiliate/login.php
CODE: $this->document->setTitle($this->language->get('heading_title'));
LINE: 14

FILE: catalog/controller/affiliate/register.php
CODE: $this->document->setTitle($this->language->get('heading_title'));
LINE: 14

FILE: catalog/controller/affiliate/success.php
CODE: $this->document->setTitle($this->language->get('heading_title'));
LINE: 8
CODE: $this->document->setTitle($this->language->get('heading_title'));
LINE: 14
CODE: $this->document->setTitle($this->language->get('heading_title'));
LINE: 14
CODE: $this->document->setTitle($this->language->get('heading_title'));
LINE: 8
CODE: $this->document->setTitle($this->language->get('heading_title'));
LINE: 8

FILE: catalog/controller/checkout/checkout.php
CODE: $this->document->setTitle($this->language->get('heading_title'));
LINE: 30

FILE: catalog/controller/checkout/failure.php
CODE: $this->document->setTitle($this->language->get('heading_title'));
LINE: 8

FILE: catalog/controller/checkout/success.php
CODE: $this->document->setTitle($this->language->get('heading_title'));
LINE: 25
CODE: $this->document->setTitle($this->language->get('heading_title'));
LINE: 28
CODE: $this->document->setTitle($this->language->get('heading_title'));
LINE: 12
CODE: $this->document->setTitle($this->language->get('heading_title'));
LINE: 75
CODE: $this->document->setTitle($this->language->get('heading_title'));
LINE: 36

FILE: catalog/controller/common/maintenance.php
CODE: $this->document->setTitle($this->language->get('heading_title'));
LINE: 8

FILE: catalog/controller/error/not_found.php
CODE: $this->document->setTitle($this->language->get('heading_title'));
LINE: 8

FILE: catalog/controller/information/sitemap.php
CODE: $this->document->setTitle($this->language->get('heading_title'));
LINE: 8

FILE: catalog/controller/information/contact.php
CODE: $this->document->setTitle($this->language->get('heading_title'));
LINE: 10
LINE: 177
CODE: $this->document->setTitle($this->language->get('heading_title'));
LINE: 16
LINE: 102
CODE: $this->document->setTitle($this->language->get('heading_title'));
LINE: 16

FILE: catalog/controller/extension/credit_card/squareup.php
CODE: $this->document->setTitle($this->language->get('heading_title'));
LINE: 17

FILE: catalog/controller/extension/payment/sagepay_direct.php
CODE: $this->document->setTitle($this->language->get('heading_title'));
NOT FOUND - OPERATIONS ABORTED!

FILE: catalog/controller/extension/payment/sagepay_server.php
CODE: $this->document->setTitle($this->language->get('heading_title'));
NOT FOUND - OPERATIONS ABORTED!

FILE: catalog/controller/extension/payment/squareup.php
CODE: $this->document->setTitle($this->language->get('heading_title'));
NOT FOUND - OPERATIONS ABORTED!

FILE: catalog/controller/extension/payment/amazon_login_pay.php
CODE: $this->document->setTitle($this->language->get('heading_title'));
NOT FOUND - OPERATIONS ABORTED!

FILE: catalog/controller/extension/payment/klarna_checkout.php
CODE: $this->document->setTitle($this->language->get('heading_title'));
LINE: 11

FILE: catalog/controller/extension/payment/wechat_pay.php
CODE: $this->document->setTitle($this->language->get('heading_title'));
LINE: 24

FILE: catalog/controller/extension/module/carousel.php
CODE: $data['banners'] = array();
LINE: 12

FILE: catalog/controller/extension/module/category.php
CODE: if ($category['category_id'] == $data['category_id']) {
LINE: 34

FILE: catalog/controller/common/header.php
CODE: return $this->load->view('common/header', $data);
LINE: 108
CODE: $data['telephone'] = $this->config->get('config_telephone');
LINE: 77

FILE: catalog/controller/common/footer.php
CODE: $data['newsletter'] = $this->url->link('account/newsletter', '', true);
LINE: 56
CODE: 'title' => $result['title'],
LINE: 15
CODE: foreach ($results as $result) {
LINE: 156
LINE: 199
CODE: $data['products'][] = array(
LINE: 281
CODE: 'product_id'  => $result['product_id'],
LINE: 290

FILE: catalog/controller/product/product.php
CODE: $results = $this->model_catalog_product->getProductRelated($this->request->get['product_id']);
LINE: 393
CODE: $data['products'][] = array(
LINE: 483
CODE: 'rating'      => $rating,
LINE: 501
CODE: $data['description'] = html_entity_decode($product_info['description'], ENT_QUOTES, 'UTF-8');
LINE: 245
CODE: $results = $this->model_catalog_product->getProductSpecials($filter_data);
LINE: 102
CODE: $data['products'][] = array(
LINE: 185
CODE: 'rating'      => $result['rating'],
LINE: 203
CODE: $results = $this->model_catalog_product->getProducts($filter_data);
LINE: 212
CODE: $data['products'][] = array(
LINE: 294
CODE: 'rating'      => $result['rating'],
LINE: 312
CODE: $results = $this->model_catalog_product->getProducts($filter_data);
LINE: 175
CODE: $data['products'][] = array(
LINE: 257
CODE: 'rating'      => $result['rating'],
LINE: 275
----------------------------------------------------------------
MOD: OC Search Category by Plaza Themes
CODE: $data['search'] = $this->load->controller('common/search');
LINE: 81
----------------------------------------------------------------
MOD: OC Theme Option

FILE: admin/controller/common/column_left.php
CODE: $sale = array();
LINE: 334

FILE: admin/controller/catalog/product.php
CODE: public function index() {
LINE: 11
CODE: $this->load->language('catalog/product');
LINE: 16
LINE: 30
LINE: 86
LINE: 142
LINE: 200
CODE: 'sort_order' => $product_image['sort_order']
LINE: 1112

FILE: admin/model/catalog/product.php
CODE: $this->db->query("INSERT INTO " . DB_PREFIX . "product_image SET product_id = '" . (int)$product_id . "', image = '" . $this->db->escape($product_image['image']) . "', sort_order = '" . (int)$product_image['sort_order'] . "'");
LINE: 74
LINE: 221

FILE: admin/view/template/catalog/product_form.twig
CODE: <td class="text-right">{{ entry_sort_order }}</td>
LINE: 998
CODE: <td class="text-left"><button type="button" onclick="$('#image-row{{ image_row }}').remove();" data-toggle="tooltip" title="{{ button_remove }}" class="btn btn-danger"><i class="fa fa-minus-circle"></i></button></td>
LINE: 1052
CODE: function addImage() {
LINE: 1645
CODE: $('#images tbody').append(html);
LINE: 1672
CODE: html += '  <td class="text-left"><button type="button" onclick="$(\'#image-row' + image_row  + '\').remove();" data-toggle="tooltip" title="{{ button_remove }}" class="btn btn-danger"><i class="fa fa-minus-circle"></i></button></td>';
NOT FOUND - OPERATIONS ABORTED!
CODE: $data['heading_title'] = $product_info['name'];
LINE: 233
CODE: $data['images'] = array();
LINE: 354
CODE: $data['images'][] = array(
LINE: 363
CODE: $data['heading_title'] = $category_info['name'];
LINE: 244
CODE: $data['products'][] = array(
LINE: 500
CODE: $data['products'][] = array(
LINE: 505
CODE: $pagination = new Pagination();
LINE: 651

FILE: catalog/controller/common/column_left.php
CODE: if ($route == 'product/category' && isset($this->request->get['path'])) {
LINE: 42

FILE: catalog/controller/common/column_right.php
CODE: if ($route == 'product/category' && isset($this->request->get['path'])) {
LINE: 42

FILE: catalog/model/catalog/product.php
CODE: if (!empty($data['filter_manufacturer_id'])) {
LINE: 163
LINE: 532
CODE: return $this->load->view('common/header', $data);
LINE: 148
CODE: $this->response->setOutput($this->load->view('design/layout_form', $data));
LINE: 413
----------------------------------------------------------------
MOD: Opencart 3.x Gelişmiş Seo URL

FILE: catalog/controller/startup/seo_url.php
CODE: } elseif ($key == 'path') {
LINE: 96
----------------------------------------------------------------
2020-10-21 11:30:48 - MOD: Modification Default

FILE: system/engine/action.php
REGEX: ~(require|include)(_once)?\(([^)]+)~
LINE: 69

FILE: system/engine/loader.php
REGEX: ~(require|include)(_once)?\(([^)]+)~
LINE: 77
LINE: 151
LINE: 168

FILE: system/library/config.php
REGEX: ~(require|include)(_once)?\(([^)]+)~
LINE: 59

FILE: system/library/language.php
REGEX: ~(require|include)(_once)?\(([^)]+)~
LINE: 67
LINE: 73

FILE: system/library/template/template.php
REGEX: ~(require|include)(_once)?\(([^)]+)~
LINE: 18

FILE: system/library/template/twig.php
CODE: $loader = new \Twig_Loader_Filesystem(DIR_TEMPLATE);
LINE: 19
----------------------------------------------------------------
MOD: NitroPack.io

FILE: catalog/controller/extension/module/nitropack.php
CODE: use nitropackio\compatibility\controller\Catalog as Controller;
LINE: 5

FILE: catalog/controller/startup/router.php
CODE: // Trigger the pre events
LINE: 26

FILE: catalog/controller/startup/startup.php
CODE: if (isset($this->request->get['tracking'])) {
LINE: 131

FILE: catalog/controller/startup/error.php
CODE: if ($this->config->get('config_error_display')) {
LINE: 39

FILE: system/engine/router.php
CODE: while ($action
LINE: 67
----------------------------------------------------------------
MOD: OC Customize Template

FILE: admin/controller/design/layout.php
CODE: $this->load->language('design/layout');
LINE: 8
LINE: 21
LINE: 56
LINE: 91
CODE: protected function getForm() {
LINE: 261

FILE: admin/model/localisation/language.php
CODE: return $language_id;
LINE: 220
CODE: $this->db->query("DELETE FROM " . DB_PREFIX . "option_description WHERE language_id = '" . (int)$language_id . "'");
NOT FOUND - OPERATIONS ABORTED!

FILE: catalog/controller/account/address.php
CODE: $this->document->setTitle($this->language->get('heading_title'));
LINE: 16
LINE: 35
LINE: 67
LINE: 115

FILE: catalog/controller/account/download.php
CODE: $this->document->setTitle($this->language->get('heading_title'));
LINE: 14

FILE: catalog/controller/account/order.php
CODE: $this->document->setTitle($this->language->get('heading_title'));
LINE: 14

FILE: catalog/controller/account/recurring.php
CODE: $this->document->setTitle($this->language->get('heading_title'));
LINE: 14

FILE: catalog/controller/account/return.php
CODE: $this->document->setTitle($this->language->get('heading_title'));
LINE: 16
LINE: 234
LINE: 516

FILE: catalog/controller/account/reward.php
CODE: $this->document->setTitle($this->language->get('heading_title'));
LINE: 14

FILE: catalog/controller/account/transaction.php
CODE: $this->document->setTitle($this->language->get('heading_title'));
LINE: 14

FILE: catalog/controller/account/wishlist.php
CODE: $this->document->setTitle($this->language->get('heading_title'));
LINE: 29

FILE: catalog/controller/checkout/cart.php
CODE: $this->document->setTitle($this->language->get('heading_title'));
LINE: 8

FILE: catalog/controller/common/cart.php
CODE: $this->document->setTitle($this->language->get('heading_title'));
NOT FOUND - OPERATIONS ABORTED!

FILE: catalog/controller/extension/credit_card/sagepay_direct.php
CODE: $this->document->setTitle($this->language->get('heading_title'));
LINE: 16
LINE: 99

FILE: catalog/controller/extension/credit_card/sagepay_server.php
CODE: $this->document->setTitle($this->language->get('heading_title'));
LINE: 16

FILE: catalog/controller/product/search.php
CODE: $data['breadcrumbs'] = array();
LINE: 78

FILE: catalog/controller/product/category.php
CODE: $this->document->setTitle($this->language->get('heading_title'));
NOT FOUND - OPERATIONS ABORTED!

FILE: catalog/controller/product/compare.php
CODE: $this->document->setTitle($this->language->get('heading_title'));
LINE: 28

FILE: catalog/controller/product/manufacturer.php
CODE: $this->document->setTitle($this->language->get('heading_title'));
LINE: 12

FILE: catalog/controller/product/special.php
CODE: $this->document->setTitle($this->language->get('heading_title'));
LINE: 36
CODE: $this->load->language('product/category');
LINE: 6

FILE: catalog/controller/affiliate/login.php
CODE: $this->document->setTitle($this->language->get('heading_title'));
LINE: 14

FILE: catalog/controller/affiliate/register.php
CODE: $this->document->setTitle($this->language->get('heading_title'));
LINE: 14

FILE: catalog/controller/affiliate/success.php
CODE: $this->document->setTitle($this->language->get('heading_title'));
LINE: 8
CODE: $this->document->setTitle($this->language->get('heading_title'));
LINE: 14
CODE: $this->document->setTitle($this->language->get('heading_title'));
LINE: 14
CODE: $this->document->setTitle($this->language->get('heading_title'));
LINE: 8
CODE: $this->document->setTitle($this->language->get('heading_title'));
LINE: 8

FILE: catalog/controller/checkout/checkout.php
CODE: $this->document->setTitle($this->language->get('heading_title'));
LINE: 30

FILE: catalog/controller/checkout/failure.php
CODE: $this->document->setTitle($this->language->get('heading_title'));
LINE: 8

FILE: catalog/controller/checkout/success.php
CODE: $this->document->setTitle($this->language->get('heading_title'));
LINE: 25
CODE: $this->document->setTitle($this->language->get('heading_title'));
LINE: 28
CODE: $this->document->setTitle($this->language->get('heading_title'));
LINE: 12
CODE: $this->document->setTitle($this->language->get('heading_title'));
LINE: 75
CODE: $this->document->setTitle($this->language->get('heading_title'));
LINE: 36

FILE: catalog/controller/common/maintenance.php
CODE: $this->document->setTitle($this->language->get('heading_title'));
LINE: 8

FILE: catalog/controller/error/not_found.php
CODE: $this->document->setTitle($this->language->get('heading_title'));
LINE: 8

FILE: catalog/controller/information/sitemap.php
CODE: $this->document->setTitle($this->language->get('heading_title'));
LINE: 8

FILE: catalog/controller/information/contact.php
CODE: $this->document->setTitle($this->language->get('heading_title'));
LINE: 10
LINE: 177
CODE: $this->document->setTitle($this->language->get('heading_title'));
LINE: 16
LINE: 102
CODE: $this->document->setTitle($this->language->get('heading_title'));
LINE: 16

FILE: catalog/controller/extension/credit_card/squareup.php
CODE: $this->document->setTitle($this->language->get('heading_title'));
LINE: 17

FILE: catalog/controller/extension/payment/sagepay_direct.php
CODE: $this->document->setTitle($this->language->get('heading_title'));
NOT FOUND - OPERATIONS ABORTED!

FILE: catalog/controller/extension/payment/sagepay_server.php
CODE: $this->document->setTitle($this->language->get('heading_title'));
NOT FOUND - OPERATIONS ABORTED!

FILE: catalog/controller/extension/payment/squareup.php
CODE: $this->document->setTitle($this->language->get('heading_title'));
NOT FOUND - OPERATIONS ABORTED!

FILE: catalog/controller/extension/payment/amazon_login_pay.php
CODE: $this->document->setTitle($this->language->get('heading_title'));
NOT FOUND - OPERATIONS ABORTED!

FILE: catalog/controller/extension/payment/klarna_checkout.php
CODE: $this->document->setTitle($this->language->get('heading_title'));
LINE: 11

FILE: catalog/controller/extension/payment/wechat_pay.php
CODE: $this->document->setTitle($this->language->get('heading_title'));
LINE: 24

FILE: catalog/controller/extension/module/carousel.php
CODE: $data['banners'] = array();
LINE: 12

FILE: catalog/controller/extension/module/category.php
CODE: if ($category['category_id'] == $data['category_id']) {
LINE: 34

FILE: catalog/controller/common/header.php
CODE: return $this->load->view('common/header', $data);
LINE: 108
CODE: $data['telephone'] = $this->config->get('config_telephone');
LINE: 77

FILE: catalog/controller/common/footer.php
CODE: $data['newsletter'] = $this->url->link('account/newsletter', '', true);
LINE: 56
CODE: 'title' => $result['title'],
LINE: 15
CODE: foreach ($results as $result) {
LINE: 156
LINE: 199
CODE: $data['products'][] = array(
LINE: 281
CODE: 'product_id'  => $result['product_id'],
LINE: 290

FILE: catalog/controller/product/product.php
CODE: $results = $this->model_catalog_product->getProductRelated($this->request->get['product_id']);
LINE: 393
CODE: $data['products'][] = array(
LINE: 483
CODE: 'rating'      => $rating,
LINE: 501
CODE: $data['description'] = html_entity_decode($product_info['description'], ENT_QUOTES, 'UTF-8');
LINE: 245
CODE: $results = $this->model_catalog_product->getProductSpecials($filter_data);
LINE: 102
CODE: $data['products'][] = array(
LINE: 185
CODE: 'rating'      => $result['rating'],
LINE: 203
CODE: $results = $this->model_catalog_product->getProducts($filter_data);
LINE: 212
CODE: $data['products'][] = array(
LINE: 294
CODE: 'rating'      => $result['rating'],
LINE: 312
CODE: $results = $this->model_catalog_product->getProducts($filter_data);
LINE: 175
CODE: $data['products'][] = array(
LINE: 257
CODE: 'rating'      => $result['rating'],
LINE: 275
----------------------------------------------------------------
MOD: OC Search Category by Plaza Themes
CODE: $data['search'] = $this->load->controller('common/search');
LINE: 81
----------------------------------------------------------------
MOD: OC Theme Option

FILE: admin/controller/common/column_left.php
CODE: $sale = array();
LINE: 334

FILE: admin/controller/catalog/product.php
CODE: public function index() {
LINE: 11
CODE: $this->load->language('catalog/product');
LINE: 16
LINE: 30
LINE: 86
LINE: 142
LINE: 200
CODE: 'sort_order' => $product_image['sort_order']
LINE: 1112

FILE: admin/model/catalog/product.php
CODE: $this->db->query("INSERT INTO " . DB_PREFIX . "product_image SET product_id = '" . (int)$product_id . "', image = '" . $this->db->escape($product_image['image']) . "', sort_order = '" . (int)$product_image['sort_order'] . "'");
LINE: 74
LINE: 221

FILE: admin/view/template/catalog/product_form.twig
CODE: <td class="text-right">{{ entry_sort_order }}</td>
LINE: 998
CODE: <td class="text-left"><button type="button" onclick="$('#image-row{{ image_row }}').remove();" data-toggle="tooltip" title="{{ button_remove }}" class="btn btn-danger"><i class="fa fa-minus-circle"></i></button></td>
LINE: 1052
CODE: function addImage() {
LINE: 1645
CODE: $('#images tbody').append(html);
LINE: 1672
CODE: html += '  <td class="text-left"><button type="button" onclick="$(\'#image-row' + image_row  + '\').remove();" data-toggle="tooltip" title="{{ button_remove }}" class="btn btn-danger"><i class="fa fa-minus-circle"></i></button></td>';
NOT FOUND - OPERATIONS ABORTED!
CODE: $data['heading_title'] = $product_info['name'];
LINE: 233
CODE: $data['images'] = array();
LINE: 354
CODE: $data['images'][] = array(
LINE: 363
CODE: $data['heading_title'] = $category_info['name'];
LINE: 244
CODE: $data['products'][] = array(
LINE: 500
CODE: $data['products'][] = array(
LINE: 505
CODE: $pagination = new Pagination();
LINE: 651

FILE: catalog/controller/common/column_left.php
CODE: if ($route == 'product/category' && isset($this->request->get['path'])) {
LINE: 42

FILE: catalog/controller/common/column_right.php
CODE: if ($route == 'product/category' && isset($this->request->get['path'])) {
LINE: 42

FILE: catalog/model/catalog/product.php
CODE: if (!empty($data['filter_manufacturer_id'])) {
LINE: 163
LINE: 532
CODE: return $this->load->view('common/header', $data);
LINE: 148
CODE: $this->response->setOutput($this->load->view('design/layout_form', $data));
LINE: 413
----------------------------------------------------------------
MOD: Opencart 3.x Gelişmiş Seo URL

FILE: catalog/controller/startup/seo_url.php
CODE: } elseif ($key == 'path') {
LINE: 96
----------------------------------------------------------------
2020-10-21 18:07:06 - MOD: Modification Default

FILE: system/engine/action.php
REGEX: ~(require|include)(_once)?\(([^)]+)~
LINE: 69

FILE: system/engine/loader.php
REGEX: ~(require|include)(_once)?\(([^)]+)~
LINE: 77
LINE: 151
LINE: 168

FILE: system/library/config.php
REGEX: ~(require|include)(_once)?\(([^)]+)~
LINE: 59

FILE: system/library/language.php
REGEX: ~(require|include)(_once)?\(([^)]+)~
LINE: 67
LINE: 73

FILE: system/library/template/template.php
REGEX: ~(require|include)(_once)?\(([^)]+)~
LINE: 18

FILE: system/library/template/twig.php
CODE: $loader = new \Twig_Loader_Filesystem(DIR_TEMPLATE);
LINE: 19
----------------------------------------------------------------
MOD: NitroPack.io

FILE: catalog/controller/extension/module/nitropack.php
CODE: use nitropackio\compatibility\controller\Catalog as Controller;
LINE: 5

FILE: catalog/controller/startup/router.php
CODE: // Trigger the pre events
LINE: 26

FILE: catalog/controller/startup/startup.php
CODE: if (isset($this->request->get['tracking'])) {
LINE: 131

FILE: catalog/controller/startup/error.php
CODE: if ($this->config->get('config_error_display')) {
LINE: 39

FILE: system/engine/router.php
CODE: while ($action
LINE: 67
----------------------------------------------------------------
MOD: OC Customize Template

FILE: admin/controller/design/layout.php
CODE: $this->load->language('design/layout');
LINE: 8
LINE: 21
LINE: 56
LINE: 91
CODE: protected function getForm() {
LINE: 261

FILE: admin/model/localisation/language.php
CODE: return $language_id;
LINE: 220
CODE: $this->db->query("DELETE FROM " . DB_PREFIX . "option_description WHERE language_id = '" . (int)$language_id . "'");
NOT FOUND - OPERATIONS ABORTED!

FILE: catalog/controller/account/address.php
CODE: $this->document->setTitle($this->language->get('heading_title'));
LINE: 16
LINE: 35
LINE: 67
LINE: 115

FILE: catalog/controller/account/download.php
CODE: $this->document->setTitle($this->language->get('heading_title'));
LINE: 14

FILE: catalog/controller/account/order.php
CODE: $this->document->setTitle($this->language->get('heading_title'));
LINE: 14

FILE: catalog/controller/account/recurring.php
CODE: $this->document->setTitle($this->language->get('heading_title'));
LINE: 14

FILE: catalog/controller/account/return.php
CODE: $this->document->setTitle($this->language->get('heading_title'));
LINE: 16
LINE: 234
LINE: 516

FILE: catalog/controller/account/reward.php
CODE: $this->document->setTitle($this->language->get('heading_title'));
LINE: 14

FILE: catalog/controller/account/transaction.php
CODE: $this->document->setTitle($this->language->get('heading_title'));
LINE: 14

FILE: catalog/controller/account/wishlist.php
CODE: $this->document->setTitle($this->language->get('heading_title'));
LINE: 29

FILE: catalog/controller/checkout/cart.php
CODE: $this->document->setTitle($this->language->get('heading_title'));
LINE: 8

FILE: catalog/controller/common/cart.php
CODE: $this->document->setTitle($this->language->get('heading_title'));
NOT FOUND - OPERATIONS ABORTED!

FILE: catalog/controller/extension/credit_card/sagepay_direct.php
CODE: $this->document->setTitle($this->language->get('heading_title'));
LINE: 16
LINE: 99

FILE: catalog/controller/extension/credit_card/sagepay_server.php
CODE: $this->document->setTitle($this->language->get('heading_title'));
LINE: 16

FILE: catalog/controller/product/search.php
CODE: $data['breadcrumbs'] = array();
LINE: 78

FILE: catalog/controller/product/category.php
CODE: $this->document->setTitle($this->language->get('heading_title'));
NOT FOUND - OPERATIONS ABORTED!

FILE: catalog/controller/product/compare.php
CODE: $this->document->setTitle($this->language->get('heading_title'));
LINE: 28

FILE: catalog/controller/product/manufacturer.php
CODE: $this->document->setTitle($this->language->get('heading_title'));
LINE: 12

FILE: catalog/controller/product/special.php
CODE: $this->document->setTitle($this->language->get('heading_title'));
LINE: 36
CODE: $this->load->language('product/category');
LINE: 6

FILE: catalog/controller/affiliate/login.php
CODE: $this->document->setTitle($this->language->get('heading_title'));
LINE: 14

FILE: catalog/controller/affiliate/register.php
CODE: $this->document->setTitle($this->language->get('heading_title'));
LINE: 14

FILE: catalog/controller/affiliate/success.php
CODE: $this->document->setTitle($this->language->get('heading_title'));
LINE: 8
CODE: $this->document->setTitle($this->language->get('heading_title'));
LINE: 14
CODE: $this->document->setTitle($this->language->get('heading_title'));
LINE: 14
CODE: $this->document->setTitle($this->language->get('heading_title'));
LINE: 8
CODE: $this->document->setTitle($this->language->get('heading_title'));
LINE: 8

FILE: catalog/controller/checkout/checkout.php
CODE: $this->document->setTitle($this->language->get('heading_title'));
LINE: 30

FILE: catalog/controller/checkout/failure.php
CODE: $this->document->setTitle($this->language->get('heading_title'));
LINE: 8

FILE: catalog/controller/checkout/success.php
CODE: $this->document->setTitle($this->language->get('heading_title'));
LINE: 25
CODE: $this->document->setTitle($this->language->get('heading_title'));
LINE: 28
CODE: $this->document->setTitle($this->language->get('heading_title'));
LINE: 12
CODE: $this->document->setTitle($this->language->get('heading_title'));
LINE: 75
CODE: $this->document->setTitle($this->language->get('heading_title'));
LINE: 36

FILE: catalog/controller/common/maintenance.php
CODE: $this->document->setTitle($this->language->get('heading_title'));
LINE: 8

FILE: catalog/controller/error/not_found.php
CODE: $this->document->setTitle($this->language->get('heading_title'));
LINE: 8

FILE: catalog/controller/information/sitemap.php
CODE: $this->document->setTitle($this->language->get('heading_title'));
LINE: 8

FILE: catalog/controller/information/contact.php
CODE: $this->document->setTitle($this->language->get('heading_title'));
LINE: 10
LINE: 177
CODE: $this->document->setTitle($this->language->get('heading_title'));
LINE: 16
LINE: 102
CODE: $this->document->setTitle($this->language->get('heading_title'));
LINE: 16

FILE: catalog/controller/extension/credit_card/squareup.php
CODE: $this->document->setTitle($this->language->get('heading_title'));
LINE: 17

FILE: catalog/controller/extension/payment/sagepay_direct.php
CODE: $this->document->setTitle($this->language->get('heading_title'));
NOT FOUND - OPERATIONS ABORTED!

FILE: catalog/controller/extension/payment/sagepay_server.php
CODE: $this->document->setTitle($this->language->get('heading_title'));
NOT FOUND - OPERATIONS ABORTED!

FILE: catalog/controller/extension/payment/squareup.php
CODE: $this->document->setTitle($this->language->get('heading_title'));
NOT FOUND - OPERATIONS ABORTED!

FILE: catalog/controller/extension/payment/amazon_login_pay.php
CODE: $this->document->setTitle($this->language->get('heading_title'));
NOT FOUND - OPERATIONS ABORTED!

FILE: catalog/controller/extension/payment/klarna_checkout.php
CODE: $this->document->setTitle($this->language->get('heading_title'));
LINE: 11

FILE: catalog/controller/extension/payment/wechat_pay.php
CODE: $this->document->setTitle($this->language->get('heading_title'));
LINE: 24

FILE: catalog/controller/extension/module/carousel.php
CODE: $data['banners'] = array();
LINE: 12

FILE: catalog/controller/extension/module/category.php
CODE: if ($category['category_id'] == $data['category_id']) {
LINE: 34

FILE: catalog/controller/common/header.php
CODE: return $this->load->view('common/header', $data);
LINE: 108
CODE: $data['telephone'] = $this->config->get('config_telephone');
LINE: 77

FILE: catalog/controller/common/footer.php
CODE: $data['newsletter'] = $this->url->link('account/newsletter', '', true);
LINE: 56
CODE: 'title' => $result['title'],
LINE: 15
CODE: foreach ($results as $result) {
LINE: 156
LINE: 199
CODE: $data['products'][] = array(
LINE: 281
CODE: 'product_id'  => $result['product_id'],
LINE: 290

FILE: catalog/controller/product/product.php
CODE: $results = $this->model_catalog_product->getProductRelated($this->request->get['product_id']);
LINE: 393
CODE: $data['products'][] = array(
LINE: 483
CODE: 'rating'      => $rating,
LINE: 501
CODE: $data['description'] = html_entity_decode($product_info['description'], ENT_QUOTES, 'UTF-8');
LINE: 245
CODE: $results = $this->model_catalog_product->getProductSpecials($filter_data);
LINE: 102
CODE: $data['products'][] = array(
LINE: 185
CODE: 'rating'      => $result['rating'],
LINE: 203
CODE: $results = $this->model_catalog_product->getProducts($filter_data);
LINE: 212
CODE: $data['products'][] = array(
LINE: 294
CODE: 'rating'      => $result['rating'],
LINE: 312
CODE: $results = $this->model_catalog_product->getProducts($filter_data);
LINE: 175
CODE: $data['products'][] = array(
LINE: 257
CODE: 'rating'      => $result['rating'],
LINE: 275
----------------------------------------------------------------
MOD: OC Search Category by Plaza Themes
CODE: $data['search'] = $this->load->controller('common/search');
LINE: 81
----------------------------------------------------------------
MOD: OC Theme Option

FILE: admin/controller/common/column_left.php
CODE: $sale = array();
LINE: 334

FILE: admin/controller/catalog/product.php
CODE: public function index() {
LINE: 11
CODE: $this->load->language('catalog/product');
LINE: 16
LINE: 30
LINE: 86
LINE: 142
LINE: 200
CODE: 'sort_order' => $product_image['sort_order']
LINE: 1112

FILE: admin/model/catalog/product.php
CODE: $this->db->query("INSERT INTO " . DB_PREFIX . "product_image SET product_id = '" . (int)$product_id . "', image = '" . $this->db->escape($product_image['image']) . "', sort_order = '" . (int)$product_image['sort_order'] . "'");
LINE: 74
LINE: 221

FILE: admin/view/template/catalog/product_form.twig
CODE: <td class="text-right">{{ entry_sort_order }}</td>
LINE: 998
CODE: <td class="text-left"><button type="button" onclick="$('#image-row{{ image_row }}').remove();" data-toggle="tooltip" title="{{ button_remove }}" class="btn btn-danger"><i class="fa fa-minus-circle"></i></button></td>
LINE: 1052
CODE: function addImage() {
LINE: 1645
CODE: $('#images tbody').append(html);
LINE: 1672
CODE: html += '  <td class="text-left"><button type="button" onclick="$(\'#image-row' + image_row  + '\').remove();" data-toggle="tooltip" title="{{ button_remove }}" class="btn btn-danger"><i class="fa fa-minus-circle"></i></button></td>';
NOT FOUND - OPERATIONS ABORTED!
CODE: $data['heading_title'] = $product_info['name'];
LINE: 233
CODE: $data['images'] = array();
LINE: 354
CODE: $data['images'][] = array(
LINE: 363
CODE: $data['heading_title'] = $category_info['name'];
LINE: 244
CODE: $data['products'][] = array(
LINE: 500
CODE: $data['products'][] = array(
LINE: 505
CODE: $pagination = new Pagination();
LINE: 651

FILE: catalog/controller/common/column_left.php
CODE: if ($route == 'product/category' && isset($this->request->get['path'])) {
LINE: 42

FILE: catalog/controller/common/column_right.php
CODE: if ($route == 'product/category' && isset($this->request->get['path'])) {
LINE: 42

FILE: catalog/model/catalog/product.php
CODE: if (!empty($data['filter_manufacturer_id'])) {
LINE: 163
LINE: 532
CODE: return $this->load->view('common/header', $data);
LINE: 148
CODE: $this->response->setOutput($this->load->view('design/layout_form', $data));
LINE: 413
----------------------------------------------------------------
